[ 2016-04-08T11:01:42+08:00 ] 127.0.0.1 /qiumiba/recom
INFO: [ app_init ] --START--
INFO: Run Behavior\BuildLiteBehavior [ RunTime:0.000251s ]
INFO: [ app_init ] --END-- [ RunTime:0.000988s ]
ERR: 无法加载模块:Recom

[ 2016-04-08T11:12:25+08:00 ] 127.0.0.1 /qiumiba/recom
INFO: [ app_init ] --START--
INFO: Run Behavior\BuildLiteBehavior [ RunTime:0.000024s ]
INFO: [ app_init ] --END-- [ RunTime:0.000682s ]
ERR: 无法加载模块:Recom

[ 2016-04-08T11:13:19+08:00 ] 127.0.0.1 /qiumiba/recom
INFO: [ app_init ] --START--
INFO: Run Behavior\BuildLiteBehavior [ RunTime:0.000023s ]
INFO: [ app_init ] --END-- [ RunTime:0.000673s ]
ERR: 无法加载模块:Recom

[ 2016-04-08T11:13:19+08:00 ] 127.0.0.1 /qiumiba/recom
INFO: [ app_init ] --START--
INFO: Run Behavior\BuildLiteBehavior [ RunTime:0.000023s ]
INFO: [ app_init ] --END-- [ RunTime:0.000714s ]
ERR: 无法加载模块:Recom

[ 2016-04-08T11:13:19+08:00 ] 127.0.0.1 /qiumiba/recom
INFO: [ app_init ] --START--
INFO: Run Behavior\BuildLiteBehavior [ RunTime:0.000022s ]
INFO: [ app_init ] --END-- [ RunTime:0.000561s ]
ERR: 无法加载模块:Recom

[ 2016-04-08T11:13:28+08:00 ] 127.0.0.1 /qiumiba/reccom
INFO: [ app_init ] --START--
INFO: Run Behavior\BuildLiteBehavior [ RunTime:0.000021s ]
INFO: [ app_init ] --END-- [ RunTime:0.000625s ]
ERR: 无法加载模块:Reccom

[ 2016-04-08T11:13:48+08:00 ] 127.0.0.1 /qiumiba/reccom
INFO: [ app_init ] --START--
INFO: Run Behavior\BuildLiteBehavior [ RunTime:0.000023s ]
INFO: [ app_init ] --END-- [ RunTime:0.000847s ]
ERR: 无法加载模块:Reccom

[ 2016-04-08T11:13:49+08:00 ] 127.0.0.1 /qiumiba/reccom
INFO: [ app_init ] --START--
INFO: Run Behavior\BuildLiteBehavior [ RunTime:0.000020s ]
INFO: [ app_init ] --END-- [ RunTime:0.000548s ]
ERR: 无法加载模块:Reccom

[ 2016-04-08T11:13:49+08:00 ] 127.0.0.1 /qiumiba/reccom
INFO: [ app_init ] --START--
INFO: Run Behavior\BuildLiteBehavior [ RunTime:0.000021s ]
INFO: [ app_init ] --END-- [ RunTime:0.000579s ]
ERR: 无法加载模块:Reccom

[ 2016-04-08T11:13:49+08:00 ] 127.0.0.1 /qiumiba/reccom
INFO: [ app_init ] --START--
INFO: Run Behavior\BuildLiteBehavior [ RunTime:0.000021s ]
INFO: [ app_init ] --END-- [ RunTime:0.000563s ]
ERR: 无法加载模块:Reccom

[ 2016-04-08T11:13:49+08:00 ] 127.0.0.1 /qiumiba/reccom
INFO: [ app_init ] --START--
INFO: Run Behavior\BuildLiteBehavior [ RunTime:0.000021s ]
INFO: [ app_init ] --END-- [ RunTime:0.000560s ]
ERR: 无法加载模块:Reccom

[ 2016-04-08T11:13:49+08:00 ] 127.0.0.1 /qiumiba/reccom
INFO: [ app_init ] --START--
INFO: Run Behavior\BuildLiteBehavior [ RunTime:0.000021s ]
INFO: [ app_init ] --END-- [ RunTime:0.000574s ]
ERR: 无法加载模块:Reccom

[ 2016-04-08T11:13:50+08:00 ] 127.0.0.1 /qiumiba/reccom
INFO: [ app_init ] --START--
INFO: Run Behavior\BuildLiteBehavior [ RunTime:0.000021s ]
INFO: [ app_init ] --END-- [ RunTime:0.000570s ]
ERR: 无法加载模块:Reccom

